<?xml version="1.0" encoding="UTF-8"?>
<!-- Generated by org.testng.reporters.JUnitReportReporter -->
<testsuite hostname="LIN30000593" failures="0" tests="2" name="complicatedxpaths" time="7.421" errors="0" timestamp="2023-10-23T15:46:38 IST" skipped="1">
  <testcase classname="complicatedxpaths" name="method2" time="7.421"/>
  <testcase classname="complicatedxpaths" name="method1">
    <skipped/>
  </testcase> <!-- method1 -->
</testsuite> <!-- complicatedxpaths -->
