<?xml version="1.0" encoding="UTF-8"?>
<!-- Generated by org.testng.reporters.JUnitReportReporter -->
<testsuite hostname="LIN30000593" failures="0" tests="6" name="part1" time="6.847" errors="0" timestamp="2023-10-23T14:58:57 IST" skipped="5">
  <testcase classname="part1" name="method6" time="6.847"/>
  <testcase classname="part1" name="knownattribute">
    <skipped/>
  </testcase> <!-- knownattribute -->
  <testcase classname="part1" name="method2">
    <skipped/>
  </testcase> <!-- method2 -->
  <testcase classname="part1" name="method5">
    <skipped/>
  </testcase> <!-- method5 -->
  <testcase classname="part1" name="method4">
    <skipped/>
  </testcase> <!-- method4 -->
  <testcase classname="part1" name="method3">
    <skipped/>
  </testcase> <!-- method3 -->
</testsuite> <!-- part1 -->
